<?xml version="1.0" encoding="UTF-8"?>
<testsuite xmlns:xsi="http://www.w3.org/2001/XMLSchema-instance" xsi:noNamespaceSchemaLocation="https://maven.apache.org/surefire/maven-surefire-plugin/xsd/surefire-test-report.xsd" name="com.dhcc.zpc.rocketmq.producer.MQProducerManagerTest" time="1.328" tests="1" errors="1" skipped="0" failures="0">
  <properties>
    <property name="sun.desktop" value="windows"/>
    <property name="awt.toolkit" value="sun.awt.windows.WToolkit"/>
    <property name="file.encoding.pkg" value="sun.io"/>
    <property name="java.specification.version" value="1.8"/>
    <property name="sun.cpu.isalist" value="amd64"/>
    <property name="sun.jnu.encoding" value="GBK"/>
    <property name="java.class.path" value="F:\springcloud-demo\springcloud-util\target\test-classes;F:\springcloud-demo\springcloud-util\target\classes;F:\maven-repository\org\apache\rocketmq\rocketmq-spring-boot-starter\2.0.3\rocketmq-spring-boot-starter-2.0.3.jar;F:\maven-repository\org\apache\rocketmq\rocketmq-spring-boot\2.0.3\rocketmq-spring-boot-2.0.3.jar;F:\maven-repository\org\slf4j\slf4j-api\1.7.25\slf4j-api-1.7.25.jar;F:\maven-repository\org\apache\rocketmq\rocketmq-client\4.5.1\rocketmq-client-4.5.1.jar;F:\maven-repository\org\apache\rocketmq\rocketmq-common\4.5.1\rocketmq-common-4.5.1.jar;F:\maven-repository\org\apache\commons\commons-lang3\3.8.1\commons-lang3-3.8.1.jar;F:\maven-repository\org\apache\rocketmq\rocketmq-acl\4.5.1\rocketmq-acl-4.5.1.jar;F:\maven-repository\org\apache\rocketmq\rocketmq-remoting\4.5.1\rocketmq-remoting-4.5.1.jar;F:\maven-repository\com\alibaba\fastjson\1.2.51\fastjson-1.2.51.jar;F:\maven-repository\io\netty\netty-all\4.1.31.Final\netty-all-4.1.31.Final.jar;F:\maven-repository\io\netty\netty-tcnative-boringssl-static\2.0.20.Final\netty-tcnative-boringssl-static-2.0.20.Final.jar;F:\maven-repository\org\apache\rocketmq\rocketmq-logging\4.5.1\rocketmq-logging-4.5.1.jar;F:\maven-repository\org\apache\rocketmq\rocketmq-srvutil\4.5.1\rocketmq-srvutil-4.5.1.jar;F:\maven-repository\commons-cli\commons-cli\1.2\commons-cli-1.2.jar;F:\maven-repository\commons-codec\commons-codec\1.11\commons-codec-1.11.jar;F:\maven-repository\org\springframework\spring-messaging\5.1.4.RELEASE\spring-messaging-5.1.4.RELEASE.jar;F:\maven-repository\org\springframework\spring-beans\5.1.4.RELEASE\spring-beans-5.1.4.RELEASE.jar;F:\maven-repository\org\springframework\spring-context\5.1.4.RELEASE\spring-context-5.1.4.RELEASE.jar;F:\maven-repository\org\springframework\spring-expression\5.1.4.RELEASE\spring-expression-5.1.4.RELEASE.jar;F:\maven-repository\org\springframework\spring-aop\5.1.4.RELEASE\spring-aop-5.1.4.RELEASE.jar;F:\maven-repository\com\fasterxml\jackson\core\jackson-databind\2.9.3\jackson-databind-2.9.3.jar;F:\maven-repository\org\springframework\boot\spring-boot-starter\2.1.2.RELEASE\spring-boot-starter-2.1.2.RELEASE.jar;F:\maven-repository\org\springframework\boot\spring-boot\2.1.2.RELEASE\spring-boot-2.1.2.RELEASE.jar;F:\maven-repository\org\springframework\boot\spring-boot-autoconfigure\2.1.2.RELEASE\spring-boot-autoconfigure-2.1.2.RELEASE.jar;F:\maven-repository\org\springframework\boot\spring-boot-starter-logging\2.1.2.RELEASE\spring-boot-starter-logging-2.1.2.RELEASE.jar;F:\maven-repository\ch\qos\logback\logback-classic\1.2.3\logback-classic-1.2.3.jar;F:\maven-repository\ch\qos\logback\logback-core\1.2.3\logback-core-1.2.3.jar;F:\maven-repository\org\apache\logging\log4j\log4j-to-slf4j\2.11.1\log4j-to-slf4j-2.11.1.jar;F:\maven-repository\org\apache\logging\log4j\log4j-api\2.11.1\log4j-api-2.11.1.jar;F:\maven-repository\org\slf4j\jul-to-slf4j\1.7.25\jul-to-slf4j-1.7.25.jar;F:\maven-repository\javax\annotation\javax.annotation-api\1.3.2\javax.annotation-api-1.3.2.jar;F:\maven-repository\org\yaml\snakeyaml\1.23\snakeyaml-1.23.jar;F:\maven-repository\org\springframework\boot\spring-boot-starter-validation\2.1.2.RELEASE\spring-boot-starter-validation-2.1.2.RELEASE.jar;F:\maven-repository\org\apache\tomcat\embed\tomcat-embed-el\9.0.14\tomcat-embed-el-9.0.14.jar;F:\maven-repository\org\hibernate\validator\hibernate-validator\6.0.14.Final\hibernate-validator-6.0.14.Final.jar;F:\maven-repository\javax\validation\validation-api\2.0.1.Final\validation-api-2.0.1.Final.jar;F:\maven-repository\org\jboss\logging\jboss-logging\3.3.2.Final\jboss-logging-3.3.2.Final.jar;F:\maven-repository\com\fasterxml\classmate\1.4.0\classmate-1.4.0.jar;F:\maven-repository\org\springframework\cloud\spring-cloud-starter-netflix-eureka-server\2.0.0.M7\spring-cloud-starter-netflix-eureka-server-2.0.0.M7.jar;F:\maven-repository\org\springframework\cloud\spring-cloud-starter\2.0.0.M7\spring-cloud-starter-2.0.0.M7.jar;F:\maven-repository\org\springframework\cloud\spring-cloud-context\2.0.0.M7\spring-cloud-context-2.0.0.M7.jar;F:\maven-repository\org\springframework\security\spring-security-crypto\5.1.3.RELEASE\spring-security-crypto-5.1.3.RELEASE.jar;F:\maven-repository\org\springframework\cloud\spring-cloud-commons\2.0.0.M7\spring-cloud-commons-2.0.0.M7.jar;F:\maven-repository\org\apache\httpcomponents\httpclient\4.5.6\httpclient-4.5.6.jar;F:\maven-repository\org\apache\httpcomponents\httpcore\4.4.10\httpcore-4.4.10.jar;F:\maven-repository\org\springframework\security\spring-security-rsa\1.0.5.RELEASE\spring-security-rsa-1.0.5.RELEASE.jar;F:\maven-repository\org\bouncycastle\bcpkix-jdk15on\1.56\bcpkix-jdk15on-1.56.jar;F:\maven-repository\org\bouncycastle\bcprov-jdk15on\1.56\bcprov-jdk15on-1.56.jar;F:\maven-repository\org\springframework\cloud\spring-cloud-netflix-eureka-server\2.0.0.M7\spring-cloud-netflix-eureka-server-2.0.0.M7.jar;F:\maven-repository\org\springframework\boot\spring-boot-starter-web\2.1.2.RELEASE\spring-boot-starter-web-2.1.2.RELEASE.jar;F:\maven-repository\org\springframework\boot\spring-boot-starter-json\2.1.2.RELEASE\spring-boot-starter-json-2.1.2.RELEASE.jar;F:\maven-repository\com\fasterxml\jackson\datatype\jackson-datatype-jdk8\2.9.3\jackson-datatype-jdk8-2.9.3.jar;F:\maven-repository\com\fasterxml\jackson\datatype\jackson-datatype-jsr310\2.9.3\jackson-datatype-jsr310-2.9.3.jar;F:\maven-repository\com\fasterxml\jackson\module\jackson-module-parameter-names\2.9.3\jackson-module-parameter-names-2.9.3.jar;F:\maven-repository\org\springframework\boot\spring-boot-starter-tomcat\2.1.2.RELEASE\spring-boot-starter-tomcat-2.1.2.RELEASE.jar;F:\maven-repository\org\apache\tomcat\embed\tomcat-embed-core\9.0.14\tomcat-embed-core-9.0.14.jar;F:\maven-repository\org\apache\tomcat\embed\tomcat-embed-websocket\9.0.14\tomcat-embed-websocket-9.0.14.jar;F:\maven-repository\org\springframework\spring-web\5.1.4.RELEASE\spring-web-5.1.4.RELEASE.jar;F:\maven-repository\org\springframework\spring-webmvc\5.1.4.RELEASE\spring-webmvc-5.1.4.RELEASE.jar;F:\maven-repository\org\springframework\boot\spring-boot-starter-actuator\2.1.2.RELEASE\spring-boot-starter-actuator-2.1.2.RELEASE.jar;F:\maven-repository\org\springframework\boot\spring-boot-actuator-autoconfigure\2.1.2.RELEASE\spring-boot-actuator-autoconfigure-2.1.2.RELEASE.jar;F:\maven-repository\org\springframework\boot\spring-boot-actuator\2.1.2.RELEASE\spring-boot-actuator-2.1.2.RELEASE.jar;F:\maven-repository\io\micrometer\micrometer-core\1.1.2\micrometer-core-1.1.2.jar;F:\maven-repository\org\hdrhistogram\HdrHistogram\2.1.9\HdrHistogram-2.1.9.jar;F:\maven-repository\org\latencyutils\LatencyUtils\2.0.3\LatencyUtils-2.0.3.jar;F:\maven-repository\org\springframework\boot\spring-boot-starter-freemarker\2.1.2.RELEASE\spring-boot-starter-freemarker-2.1.2.RELEASE.jar;F:\maven-repository\org\freemarker\freemarker\2.3.28\freemarker-2.3.28.jar;F:\maven-repository\org\springframework\spring-context-support\5.1.4.RELEASE\spring-context-support-5.1.4.RELEASE.jar;F:\maven-repository\org\springframework\cloud\spring-cloud-netflix-core\2.0.0.M7\spring-cloud-netflix-core-2.0.0.M7.jar;F:\maven-repository\org\springframework\boot\spring-boot-starter-aop\2.1.2.RELEASE\spring-boot-starter-aop-2.1.2.RELEASE.jar;F:\maven-repository\org\aspectj\aspectjweaver\1.9.2\aspectjweaver-1.9.2.jar;F:\maven-repository\org\springframework\cloud\spring-cloud-netflix-eureka-client\2.0.0.M7\spring-cloud-netflix-eureka-client-2.0.0.M7.jar;F:\maven-repository\com\netflix\eureka\eureka-client\1.8.6\eureka-client-1.8.6.jar;F:\maven-repository\org\codehaus\jettison\jettison\1.3.7\jettison-1.3.7.jar;F:\maven-repository\stax\stax-api\1.0.1\stax-api-1.0.1.jar;F:\maven-repository\com\netflix\netflix-commons\netflix-eventbus\0.3.0\netflix-eventbus-0.3.0.jar;F:\maven-repository\com\netflix\netflix-commons\netflix-infix\0.3.0\netflix-infix-0.3.0.jar;F:\maven-repository\commons-jxpath\commons-jxpath\1.3\commons-jxpath-1.3.jar;F:\maven-repository\joda-time\joda-time\2.10.1\joda-time-2.10.1.jar;F:\maven-repository\org\antlr\antlr-runtime\3.4\antlr-runtime-3.4.jar;F:\maven-repository\org\antlr\stringtemplate\3.2.1\stringtemplate-3.2.1.jar;F:\maven-repository\antlr\antlr\2.7.7\antlr-2.7.7.jar;F:\maven-repository\com\google\code\gson\gson\2.8.5\gson-2.8.5.jar;F:\maven-repository\org\apache\commons\commons-math\2.2\commons-math-2.2.jar;F:\maven-repository\javax\ws\rs\jsr311-api\1.1.1\jsr311-api-1.1.1.jar;F:\maven-repository\com\netflix\servo\servo-core\0.10.1\servo-core-0.10.1.jar;F:\maven-repository\com\netflix\servo\servo-internal\0.10.1\servo-internal-0.10.1.jar;F:\maven-repository\com\sun\jersey\jersey-core\1.19.1\jersey-core-1.19.1.jar;F:\maven-repository\com\sun\jersey\jersey-client\1.19.1\jersey-client-1.19.1.jar;F:\maven-repository\com\sun\jersey\contribs\jersey-apache-client4\1.19.1\jersey-apache-client4-1.19.1.jar;F:\maven-repository\com\google\inject\guice\4.1.0\guice-4.1.0.jar;F:\maven-repository\aopalliance\aopalliance\1.0\aopalliance-1.0.jar;F:\maven-repository\com\github\vlsi\compactmap\compactmap\1.2.1\compactmap-1.2.1.jar;F:\maven-repository\com\github\andrewoma\dexx\dexx-collections\0.2\dexx-collections-0.2.jar;F:\maven-repository\com\sun\jersey\jersey-servlet\1.19.1\jersey-servlet-1.19.1.jar;F:\maven-repository\com\sun\jersey\jersey-server\1.19.1\jersey-server-1.19.1.jar;F:\maven-repository\com\netflix\eureka\eureka-core\1.8.6\eureka-core-1.8.6.jar;F:\maven-repository\org\codehaus\woodstox\woodstox-core-asl\4.4.1\woodstox-core-asl-4.4.1.jar;F:\maven-repository\javax\xml\stream\stax-api\1.0-2\stax-api-1.0-2.jar;F:\maven-repository\com\netflix\archaius\archaius-core\0.7.5\archaius-core-0.7.5.jar;F:\maven-repository\com\google\code\findbugs\jsr305\3.0.1\jsr305-3.0.1.jar;F:\maven-repository\javax\inject\javax.inject\1\javax.inject-1.jar;F:\maven-repository\com\fasterxml\jackson\dataformat\jackson-dataformat-xml\2.9.3\jackson-dataformat-xml-2.9.3.jar;F:\maven-repository\com\fasterxml\jackson\module\jackson-module-jaxb-annotations\2.9.3\jackson-module-jaxb-annotations-2.9.3.jar;F:\maven-repository\org\codehaus\woodstox\stax2-api\3.1.4\stax2-api-3.1.4.jar;F:\maven-repository\com\fasterxml\woodstox\woodstox-core\5.0.3\woodstox-core-5.0.3.jar;F:\maven-repository\com\thoughtworks\xstream\xstream\1.4.9\xstream-1.4.9.jar;F:\maven-repository\xmlpull\xmlpull\1.1.3.1\xmlpull-1.1.3.1.jar;F:\maven-repository\xpp3\xpp3_min\1.1.4c\xpp3_min-1.1.4c.jar;F:\maven-repository\org\springframework\cloud\spring-cloud-starter-netflix-archaius\2.0.0.M7\spring-cloud-starter-netflix-archaius-2.0.0.M7.jar;F:\maven-repository\org\springframework\cloud\spring-cloud-netflix-ribbon\2.0.0.M7\spring-cloud-netflix-ribbon-2.0.0.M7.jar;F:\maven-repository\org\springframework\cloud\spring-cloud-netflix-archaius\2.0.0.M7\spring-cloud-netflix-archaius-2.0.0.M7.jar;F:\maven-repository\commons-configuration\commons-configuration\1.8\commons-configuration-1.8.jar;F:\maven-repository\commons-lang\commons-lang\2.6\commons-lang-2.6.jar;F:\maven-repository\com\fasterxml\jackson\core\jackson-annotations\2.9.0\jackson-annotations-2.9.0.jar;F:\maven-repository\com\fasterxml\jackson\core\jackson-core\2.9.3\jackson-core-2.9.3.jar;F:\maven-repository\com\google\guava\guava\18.0\guava-18.0.jar;F:\maven-repository\org\springframework\cloud\spring-cloud-starter-netflix-ribbon\2.0.0.M7\spring-cloud-starter-netflix-ribbon-2.0.0.M7.jar;F:\maven-repository\com\netflix\ribbon\ribbon\2.2.4\ribbon-2.2.4.jar;F:\maven-repository\com\netflix\ribbon\ribbon-transport\2.2.4\ribbon-transport-2.2.4.jar;F:\maven-repository\io\reactivex\rxnetty-contexts\0.4.9\rxnetty-contexts-0.4.9.jar;F:\maven-repository\io\reactivex\rxnetty-servo\0.4.9\rxnetty-servo-0.4.9.jar;F:\maven-repository\com\netflix\hystrix\hystrix-core\1.5.12\hystrix-core-1.5.12.jar;F:\maven-repository\io\reactivex\rxnetty\0.4.9\rxnetty-0.4.9.jar;F:\maven-repository\io\netty\netty-codec-http\4.1.31.Final\netty-codec-http-4.1.31.Final.jar;F:\maven-repository\io\netty\netty-codec\4.1.31.Final\netty-codec-4.1.31.Final.jar;F:\maven-repository\io\netty\netty-transport-native-epoll\4.1.31.Final\netty-transport-native-epoll-4.1.31.Final.jar;F:\maven-repository\io\netty\netty-common\4.1.31.Final\netty-common-4.1.31.Final.jar;F:\maven-repository\io\netty\netty-buffer\4.1.31.Final\netty-buffer-4.1.31.Final.jar;F:\maven-repository\io\netty\netty-transport-native-unix-common\4.1.31.Final\netty-transport-native-unix-common-4.1.31.Final.jar;F:\maven-repository\io\netty\netty-transport\4.1.31.Final\netty-transport-4.1.31.Final.jar;F:\maven-repository\io\netty\netty-resolver\4.1.31.Final\netty-resolver-4.1.31.Final.jar;F:\maven-repository\com\netflix\ribbon\ribbon-core\2.2.4\ribbon-core-2.2.4.jar;F:\maven-repository\com\netflix\ribbon\ribbon-httpclient\2.2.4\ribbon-httpclient-2.2.4.jar;F:\maven-repository\commons-collections\commons-collections\3.2.2\commons-collections-3.2.2.jar;F:\maven-repository\com\netflix\netflix-commons\netflix-commons-util\0.1.1\netflix-commons-util-0.1.1.jar;F:\maven-repository\com\netflix\ribbon\ribbon-loadbalancer\2.2.4\ribbon-loadbalancer-2.2.4.jar;F:\maven-repository\com\netflix\netflix-commons\netflix-statistics\0.1.1\netflix-statistics-0.1.1.jar;F:\maven-repository\io\reactivex\rxjava\1.3.8\rxjava-1.3.8.jar;F:\maven-repository\com\netflix\ribbon\ribbon-eureka\2.2.4\ribbon-eureka-2.2.4.jar;F:\maven-repository\org\springframework\boot\spring-boot-starter-test\2.1.2.RELEASE\spring-boot-starter-test-2.1.2.RELEASE.jar;F:\maven-repository\org\springframework\boot\spring-boot-test\2.1.2.RELEASE\spring-boot-test-2.1.2.RELEASE.jar;F:\maven-repository\org\springframework\boot\spring-boot-test-autoconfigure\2.1.2.RELEASE\spring-boot-test-autoconfigure-2.1.2.RELEASE.jar;F:\maven-repository\com\jayway\jsonpath\json-path\2.4.0\json-path-2.4.0.jar;F:\maven-repository\net\minidev\json-smart\2.3\json-smart-2.3.jar;F:\maven-repository\net\minidev\accessors-smart\1.2\accessors-smart-1.2.jar;F:\maven-repository\org\ow2\asm\asm\5.0.4\asm-5.0.4.jar;F:\maven-repository\junit\junit\4.12\junit-4.12.jar;F:\maven-repository\org\assertj\assertj-core\3.11.1\assertj-core-3.11.1.jar;F:\maven-repository\org\mockito\mockito-core\2.23.4\mockito-core-2.23.4.jar;F:\maven-repository\net\bytebuddy\byte-buddy\1.9.7\byte-buddy-1.9.7.jar;F:\maven-repository\net\bytebuddy\byte-buddy-agent\1.9.7\byte-buddy-agent-1.9.7.jar;F:\maven-repository\org\objenesis\objenesis\2.6\objenesis-2.6.jar;F:\maven-repository\org\hamcrest\hamcrest-core\1.3\hamcrest-core-1.3.jar;F:\maven-repository\org\hamcrest\hamcrest-library\1.3\hamcrest-library-1.3.jar;F:\maven-repository\org\skyscreamer\jsonassert\1.5.0\jsonassert-1.5.0.jar;F:\maven-repository\com\vaadin\external\google\android-json\0.0.20131108.vaadin1\android-json-0.0.20131108.vaadin1.jar;F:\maven-repository\org\springframework\spring-core\5.1.4.RELEASE\spring-core-5.1.4.RELEASE.jar;F:\maven-repository\org\springframework\spring-jcl\5.1.4.RELEASE\spring-jcl-5.1.4.RELEASE.jar;F:\maven-repository\org\springframework\spring-test\5.1.4.RELEASE\spring-test-5.1.4.RELEASE.jar;F:\maven-repository\org\xmlunit\xmlunit-core\2.6.2\xmlunit-core-2.6.2.jar;F:\maven-repository\org\projectlombok\lombok\1.16.10\lombok-1.16.10.jar;"/>
    <property name="java.vm.vendor" value="Oracle Corporation"/>
    <property name="sun.arch.data.model" value="64"/>
    <property name="user.variant" value=""/>
    <property name="java.vendor.url" value="http://java.oracle.com/"/>
    <property name="user.timezone" value="Asia/Shanghai"/>
    <property name="java.vm.specification.version" value="1.8"/>
    <property name="os.name" value="Windows 10"/>
    <property name="user.country" value="CN"/>
    <property name="sun.java.launcher" value="SUN_STANDARD"/>
    <property name="sun.boot.library.path" value="E:\JDK\jdk1.8.0_211\jre\bin"/>
    <property name="sun.java.command" value="C:\Users\Ackmicra\AppData\Local\Temp\surefire6596696791028242933\surefirebooter1687575562218234182.jar C:\Users\Ackmicra\AppData\Local\Temp\surefire6596696791028242933 2019-11-20T18-42-42_159-jvmRun1 surefire5371838461086054912tmp surefire_0210974460266640622tmp"/>
    <property name="surefire.test.class.path" value="F:\springcloud-demo\springcloud-util\target\test-classes;F:\springcloud-demo\springcloud-util\target\classes;F:\maven-repository\org\apache\rocketmq\rocketmq-spring-boot-starter\2.0.3\rocketmq-spring-boot-starter-2.0.3.jar;F:\maven-repository\org\apache\rocketmq\rocketmq-spring-boot\2.0.3\rocketmq-spring-boot-2.0.3.jar;F:\maven-repository\org\slf4j\slf4j-api\1.7.25\slf4j-api-1.7.25.jar;F:\maven-repository\org\apache\rocketmq\rocketmq-client\4.5.1\rocketmq-client-4.5.1.jar;F:\maven-repository\org\apache\rocketmq\rocketmq-common\4.5.1\rocketmq-common-4.5.1.jar;F:\maven-repository\org\apache\commons\commons-lang3\3.8.1\commons-lang3-3.8.1.jar;F:\maven-repository\org\apache\rocketmq\rocketmq-acl\4.5.1\rocketmq-acl-4.5.1.jar;F:\maven-repository\org\apache\rocketmq\rocketmq-remoting\4.5.1\rocketmq-remoting-4.5.1.jar;F:\maven-repository\com\alibaba\fastjson\1.2.51\fastjson-1.2.51.jar;F:\maven-repository\io\netty\netty-all\4.1.31.Final\netty-all-4.1.31.Final.jar;F:\maven-repository\io\netty\netty-tcnative-boringssl-static\2.0.20.Final\netty-tcnative-boringssl-static-2.0.20.Final.jar;F:\maven-repository\org\apache\rocketmq\rocketmq-logging\4.5.1\rocketmq-logging-4.5.1.jar;F:\maven-repository\org\apache\rocketmq\rocketmq-srvutil\4.5.1\rocketmq-srvutil-4.5.1.jar;F:\maven-repository\commons-cli\commons-cli\1.2\commons-cli-1.2.jar;F:\maven-repository\commons-codec\commons-codec\1.11\commons-codec-1.11.jar;F:\maven-repository\org\springframework\spring-messaging\5.1.4.RELEASE\spring-messaging-5.1.4.RELEASE.jar;F:\maven-repository\org\springframework\spring-beans\5.1.4.RELEASE\spring-beans-5.1.4.RELEASE.jar;F:\maven-repository\org\springframework\spring-context\5.1.4.RELEASE\spring-context-5.1.4.RELEASE.jar;F:\maven-repository\org\springframework\spring-expression\5.1.4.RELEASE\spring-expression-5.1.4.RELEASE.jar;F:\maven-repository\org\springframework\spring-aop\5.1.4.RELEASE\spring-aop-5.1.4.RELEASE.jar;F:\maven-repository\com\fasterxml\jackson\core\jackson-databind\2.9.3\jackson-databind-2.9.3.jar;F:\maven-repository\org\springframework\boot\spring-boot-starter\2.1.2.RELEASE\spring-boot-starter-2.1.2.RELEASE.jar;F:\maven-repository\org\springframework\boot\spring-boot\2.1.2.RELEASE\spring-boot-2.1.2.RELEASE.jar;F:\maven-repository\org\springframework\boot\spring-boot-autoconfigure\2.1.2.RELEASE\spring-boot-autoconfigure-2.1.2.RELEASE.jar;F:\maven-repository\org\springframework\boot\spring-boot-starter-logging\2.1.2.RELEASE\spring-boot-starter-logging-2.1.2.RELEASE.jar;F:\maven-repository\ch\qos\logback\logback-classic\1.2.3\logback-classic-1.2.3.jar;F:\maven-repository\ch\qos\logback\logback-core\1.2.3\logback-core-1.2.3.jar;F:\maven-repository\org\apache\logging\log4j\log4j-to-slf4j\2.11.1\log4j-to-slf4j-2.11.1.jar;F:\maven-repository\org\apache\logging\log4j\log4j-api\2.11.1\log4j-api-2.11.1.jar;F:\maven-repository\org\slf4j\jul-to-slf4j\1.7.25\jul-to-slf4j-1.7.25.jar;F:\maven-repository\javax\annotation\javax.annotation-api\1.3.2\javax.annotation-api-1.3.2.jar;F:\maven-repository\org\yaml\snakeyaml\1.23\snakeyaml-1.23.jar;F:\maven-repository\org\springframework\boot\spring-boot-starter-validation\2.1.2.RELEASE\spring-boot-starter-validation-2.1.2.RELEASE.jar;F:\maven-repository\org\apache\tomcat\embed\tomcat-embed-el\9.0.14\tomcat-embed-el-9.0.14.jar;F:\maven-repository\org\hibernate\validator\hibernate-validator\6.0.14.Final\hibernate-validator-6.0.14.Final.jar;F:\maven-repository\javax\validation\validation-api\2.0.1.Final\validation-api-2.0.1.Final.jar;F:\maven-repository\org\jboss\logging\jboss-logging\3.3.2.Final\jboss-logging-3.3.2.Final.jar;F:\maven-repository\com\fasterxml\classmate\1.4.0\classmate-1.4.0.jar;F:\maven-repository\org\springframework\cloud\spring-cloud-starter-netflix-eureka-server\2.0.0.M7\spring-cloud-starter-netflix-eureka-server-2.0.0.M7.jar;F:\maven-repository\org\springframework\cloud\spring-cloud-starter\2.0.0.M7\spring-cloud-starter-2.0.0.M7.jar;F:\maven-repository\org\springframework\cloud\spring-cloud-context\2.0.0.M7\spring-cloud-context-2.0.0.M7.jar;F:\maven-repository\org\springframework\security\spring-security-crypto\5.1.3.RELEASE\spring-security-crypto-5.1.3.RELEASE.jar;F:\maven-repository\org\springframework\cloud\spring-cloud-commons\2.0.0.M7\spring-cloud-commons-2.0.0.M7.jar;F:\maven-repository\org\apache\httpcomponents\httpclient\4.5.6\httpclient-4.5.6.jar;F:\maven-repository\org\apache\httpcomponents\httpcore\4.4.10\httpcore-4.4.10.jar;F:\maven-repository\org\springframework\security\spring-security-rsa\1.0.5.RELEASE\spring-security-rsa-1.0.5.RELEASE.jar;F:\maven-repository\org\bouncycastle\bcpkix-jdk15on\1.56\bcpkix-jdk15on-1.56.jar;F:\maven-repository\org\bouncycastle\bcprov-jdk15on\1.56\bcprov-jdk15on-1.56.jar;F:\maven-repository\org\springframework\cloud\spring-cloud-netflix-eureka-server\2.0.0.M7\spring-cloud-netflix-eureka-server-2.0.0.M7.jar;F:\maven-repository\org\springframework\boot\spring-boot-starter-web\2.1.2.RELEASE\spring-boot-starter-web-2.1.2.RELEASE.jar;F:\maven-repository\org\springframework\boot\spring-boot-starter-json\2.1.2.RELEASE\spring-boot-starter-json-2.1.2.RELEASE.jar;F:\maven-repository\com\fasterxml\jackson\datatype\jackson-datatype-jdk8\2.9.3\jackson-datatype-jdk8-2.9.3.jar;F:\maven-repository\com\fasterxml\jackson\datatype\jackson-datatype-jsr310\2.9.3\jackson-datatype-jsr310-2.9.3.jar;F:\maven-repository\com\fasterxml\jackson\module\jackson-module-parameter-names\2.9.3\jackson-module-parameter-names-2.9.3.jar;F:\maven-repository\org\springframework\boot\spring-boot-starter-tomcat\2.1.2.RELEASE\spring-boot-starter-tomcat-2.1.2.RELEASE.jar;F:\maven-repository\org\apache\tomcat\embed\tomcat-embed-core\9.0.14\tomcat-embed-core-9.0.14.jar;F:\maven-repository\org\apache\tomcat\embed\tomcat-embed-websocket\9.0.14\tomcat-embed-websocket-9.0.14.jar;F:\maven-repository\org\springframework\spring-web\5.1.4.RELEASE\spring-web-5.1.4.RELEASE.jar;F:\maven-repository\org\springframework\spring-webmvc\5.1.4.RELEASE\spring-webmvc-5.1.4.RELEASE.jar;F:\maven-repository\org\springframework\boot\spring-boot-starter-actuator\2.1.2.RELEASE\spring-boot-starter-actuator-2.1.2.RELEASE.jar;F:\maven-repository\org\springframework\boot\spring-boot-actuator-autoconfigure\2.1.2.RELEASE\spring-boot-actuator-autoconfigure-2.1.2.RELEASE.jar;F:\maven-repository\org\springframework\boot\spring-boot-actuator\2.1.2.RELEASE\spring-boot-actuator-2.1.2.RELEASE.jar;F:\maven-repository\io\micrometer\micrometer-core\1.1.2\micrometer-core-1.1.2.jar;F:\maven-repository\org\hdrhistogram\HdrHistogram\2.1.9\HdrHistogram-2.1.9.jar;F:\maven-repository\org\latencyutils\LatencyUtils\2.0.3\LatencyUtils-2.0.3.jar;F:\maven-repository\org\springframework\boot\spring-boot-starter-freemarker\2.1.2.RELEASE\spring-boot-starter-freemarker-2.1.2.RELEASE.jar;F:\maven-repository\org\freemarker\freemarker\2.3.28\freemarker-2.3.28.jar;F:\maven-repository\org\springframework\spring-context-support\5.1.4.RELEASE\spring-context-support-5.1.4.RELEASE.jar;F:\maven-repository\org\springframework\cloud\spring-cloud-netflix-core\2.0.0.M7\spring-cloud-netflix-core-2.0.0.M7.jar;F:\maven-repository\org\springframework\boot\spring-boot-starter-aop\2.1.2.RELEASE\spring-boot-starter-aop-2.1.2.RELEASE.jar;F:\maven-repository\org\aspectj\aspectjweaver\1.9.2\aspectjweaver-1.9.2.jar;F:\maven-repository\org\springframework\cloud\spring-cloud-netflix-eureka-client\2.0.0.M7\spring-cloud-netflix-eureka-client-2.0.0.M7.jar;F:\maven-repository\com\netflix\eureka\eureka-client\1.8.6\eureka-client-1.8.6.jar;F:\maven-repository\org\codehaus\jettison\jettison\1.3.7\jettison-1.3.7.jar;F:\maven-repository\stax\stax-api\1.0.1\stax-api-1.0.1.jar;F:\maven-repository\com\netflix\netflix-commons\netflix-eventbus\0.3.0\netflix-eventbus-0.3.0.jar;F:\maven-repository\com\netflix\netflix-commons\netflix-infix\0.3.0\netflix-infix-0.3.0.jar;F:\maven-repository\commons-jxpath\commons-jxpath\1.3\commons-jxpath-1.3.jar;F:\maven-repository\joda-time\joda-time\2.10.1\joda-time-2.10.1.jar;F:\maven-repository\org\antlr\antlr-runtime\3.4\antlr-runtime-3.4.jar;F:\maven-repository\org\antlr\stringtemplate\3.2.1\stringtemplate-3.2.1.jar;F:\maven-repository\antlr\antlr\2.7.7\antlr-2.7.7.jar;F:\maven-repository\com\google\code\gson\gson\2.8.5\gson-2.8.5.jar;F:\maven-repository\org\apache\commons\commons-math\2.2\commons-math-2.2.jar;F:\maven-repository\javax\ws\rs\jsr311-api\1.1.1\jsr311-api-1.1.1.jar;F:\maven-repository\com\netflix\servo\servo-core\0.10.1\servo-core-0.10.1.jar;F:\maven-repository\com\netflix\servo\servo-internal\0.10.1\servo-internal-0.10.1.jar;F:\maven-repository\com\sun\jersey\jersey-core\1.19.1\jersey-core-1.19.1.jar;F:\maven-repository\com\sun\jersey\jersey-client\1.19.1\jersey-client-1.19.1.jar;F:\maven-repository\com\sun\jersey\contribs\jersey-apache-client4\1.19.1\jersey-apache-client4-1.19.1.jar;F:\maven-repository\com\google\inject\guice\4.1.0\guice-4.1.0.jar;F:\maven-repository\aopalliance\aopalliance\1.0\aopalliance-1.0.jar;F:\maven-repository\com\github\vlsi\compactmap\compactmap\1.2.1\compactmap-1.2.1.jar;F:\maven-repository\com\github\andrewoma\dexx\dexx-collections\0.2\dexx-collections-0.2.jar;F:\maven-repository\com\sun\jersey\jersey-servlet\1.19.1\jersey-servlet-1.19.1.jar;F:\maven-repository\com\sun\jersey\jersey-server\1.19.1\jersey-server-1.19.1.jar;F:\maven-repository\com\netflix\eureka\eureka-core\1.8.6\eureka-core-1.8.6.jar;F:\maven-repository\org\codehaus\woodstox\woodstox-core-asl\4.4.1\woodstox-core-asl-4.4.1.jar;F:\maven-repository\javax\xml\stream\stax-api\1.0-2\stax-api-1.0-2.jar;F:\maven-repository\com\netflix\archaius\archaius-core\0.7.5\archaius-core-0.7.5.jar;F:\maven-repository\com\google\code\findbugs\jsr305\3.0.1\jsr305-3.0.1.jar;F:\maven-repository\javax\inject\javax.inject\1\javax.inject-1.jar;F:\maven-repository\com\fasterxml\jackson\dataformat\jackson-dataformat-xml\2.9.3\jackson-dataformat-xml-2.9.3.jar;F:\maven-repository\com\fasterxml\jackson\module\jackson-module-jaxb-annotations\2.9.3\jackson-module-jaxb-annotations-2.9.3.jar;F:\maven-repository\org\codehaus\woodstox\stax2-api\3.1.4\stax2-api-3.1.4.jar;F:\maven-repository\com\fasterxml\woodstox\woodstox-core\5.0.3\woodstox-core-5.0.3.jar;F:\maven-repository\com\thoughtworks\xstream\xstream\1.4.9\xstream-1.4.9.jar;F:\maven-repository\xmlpull\xmlpull\1.1.3.1\xmlpull-1.1.3.1.jar;F:\maven-repository\xpp3\xpp3_min\1.1.4c\xpp3_min-1.1.4c.jar;F:\maven-repository\org\springframework\cloud\spring-cloud-starter-netflix-archaius\2.0.0.M7\spring-cloud-starter-netflix-archaius-2.0.0.M7.jar;F:\maven-repository\org\springframework\cloud\spring-cloud-netflix-ribbon\2.0.0.M7\spring-cloud-netflix-ribbon-2.0.0.M7.jar;F:\maven-repository\org\springframework\cloud\spring-cloud-netflix-archaius\2.0.0.M7\spring-cloud-netflix-archaius-2.0.0.M7.jar;F:\maven-repository\commons-configuration\commons-configuration\1.8\commons-configuration-1.8.jar;F:\maven-repository\commons-lang\commons-lang\2.6\commons-lang-2.6.jar;F:\maven-repository\com\fasterxml\jackson\core\jackson-annotations\2.9.0\jackson-annotations-2.9.0.jar;F:\maven-repository\com\fasterxml\jackson\core\jackson-core\2.9.3\jackson-core-2.9.3.jar;F:\maven-repository\com\google\guava\guava\18.0\guava-18.0.jar;F:\maven-repository\org\springframework\cloud\spring-cloud-starter-netflix-ribbon\2.0.0.M7\spring-cloud-starter-netflix-ribbon-2.0.0.M7.jar;F:\maven-repository\com\netflix\ribbon\ribbon\2.2.4\ribbon-2.2.4.jar;F:\maven-repository\com\netflix\ribbon\ribbon-transport\2.2.4\ribbon-transport-2.2.4.jar;F:\maven-repository\io\reactivex\rxnetty-contexts\0.4.9\rxnetty-contexts-0.4.9.jar;F:\maven-repository\io\reactivex\rxnetty-servo\0.4.9\rxnetty-servo-0.4.9.jar;F:\maven-repository\com\netflix\hystrix\hystrix-core\1.5.12\hystrix-core-1.5.12.jar;F:\maven-repository\io\reactivex\rxnetty\0.4.9\rxnetty-0.4.9.jar;F:\maven-repository\io\netty\netty-codec-http\4.1.31.Final\netty-codec-http-4.1.31.Final.jar;F:\maven-repository\io\netty\netty-codec\4.1.31.Final\netty-codec-4.1.31.Final.jar;F:\maven-repository\io\netty\netty-transport-native-epoll\4.1.31.Final\netty-transport-native-epoll-4.1.31.Final.jar;F:\maven-repository\io\netty\netty-common\4.1.31.Final\netty-common-4.1.31.Final.jar;F:\maven-repository\io\netty\netty-buffer\4.1.31.Final\netty-buffer-4.1.31.Final.jar;F:\maven-repository\io\netty\netty-transport-native-unix-common\4.1.31.Final\netty-transport-native-unix-common-4.1.31.Final.jar;F:\maven-repository\io\netty\netty-transport\4.1.31.Final\netty-transport-4.1.31.Final.jar;F:\maven-repository\io\netty\netty-resolver\4.1.31.Final\netty-resolver-4.1.31.Final.jar;F:\maven-repository\com\netflix\ribbon\ribbon-core\2.2.4\ribbon-core-2.2.4.jar;F:\maven-repository\com\netflix\ribbon\ribbon-httpclient\2.2.4\ribbon-httpclient-2.2.4.jar;F:\maven-repository\commons-collections\commons-collections\3.2.2\commons-collections-3.2.2.jar;F:\maven-repository\com\netflix\netflix-commons\netflix-commons-util\0.1.1\netflix-commons-util-0.1.1.jar;F:\maven-repository\com\netflix\ribbon\ribbon-loadbalancer\2.2.4\ribbon-loadbalancer-2.2.4.jar;F:\maven-repository\com\netflix\netflix-commons\netflix-statistics\0.1.1\netflix-statistics-0.1.1.jar;F:\maven-repository\io\reactivex\rxjava\1.3.8\rxjava-1.3.8.jar;F:\maven-repository\com\netflix\ribbon\ribbon-eureka\2.2.4\ribbon-eureka-2.2.4.jar;F:\maven-repository\org\springframework\boot\spring-boot-starter-test\2.1.2.RELEASE\spring-boot-starter-test-2.1.2.RELEASE.jar;F:\maven-repository\org\springframework\boot\spring-boot-test\2.1.2.RELEASE\spring-boot-test-2.1.2.RELEASE.jar;F:\maven-repository\org\springframework\boot\spring-boot-test-autoconfigure\2.1.2.RELEASE\spring-boot-test-autoconfigure-2.1.2.RELEASE.jar;F:\maven-repository\com\jayway\jsonpath\json-path\2.4.0\json-path-2.4.0.jar;F:\maven-repository\net\minidev\json-smart\2.3\json-smart-2.3.jar;F:\maven-repository\net\minidev\accessors-smart\1.2\accessors-smart-1.2.jar;F:\maven-repository\org\ow2\asm\asm\5.0.4\asm-5.0.4.jar;F:\maven-repository\junit\junit\4.12\junit-4.12.jar;F:\maven-repository\org\assertj\assertj-core\3.11.1\assertj-core-3.11.1.jar;F:\maven-repository\org\mockito\mockito-core\2.23.4\mockito-core-2.23.4.jar;F:\maven-repository\net\bytebuddy\byte-buddy\1.9.7\byte-buddy-1.9.7.jar;F:\maven-repository\net\bytebuddy\byte-buddy-agent\1.9.7\byte-buddy-agent-1.9.7.jar;F:\maven-repository\org\objenesis\objenesis\2.6\objenesis-2.6.jar;F:\maven-repository\org\hamcrest\hamcrest-core\1.3\hamcrest-core-1.3.jar;F:\maven-repository\org\hamcrest\hamcrest-library\1.3\hamcrest-library-1.3.jar;F:\maven-repository\org\skyscreamer\jsonassert\1.5.0\jsonassert-1.5.0.jar;F:\maven-repository\com\vaadin\external\google\android-json\0.0.20131108.vaadin1\android-json-0.0.20131108.vaadin1.jar;F:\maven-repository\org\springframework\spring-core\5.1.4.RELEASE\spring-core-5.1.4.RELEASE.jar;F:\maven-repository\org\springframework\spring-jcl\5.1.4.RELEASE\spring-jcl-5.1.4.RELEASE.jar;F:\maven-repository\org\springframework\spring-test\5.1.4.RELEASE\spring-test-5.1.4.RELEASE.jar;F:\maven-repository\org\xmlunit\xmlunit-core\2.6.2\xmlunit-core-2.6.2.jar;F:\maven-repository\org\projectlombok\lombok\1.16.10\lombok-1.16.10.jar;"/>
    <property name="sun.cpu.endian" value="little"/>
    <property name="user.home" value="C:\Users\Ackmicra"/>
    <property name="user.language" value="zh"/>
    <property name="java.specification.vendor" value="Oracle Corporation"/>
    <property name="java.home" value="E:\JDK\jdk1.8.0_211\jre"/>
    <property name="basedir" value="F:\springcloud-demo\springcloud-util"/>
    <property name="file.separator" value="\"/>
    <property name="line.separator" value="&#10;"/>
    <property name="java.vm.specification.vendor" value="Oracle Corporation"/>
    <property name="java.specification.name" value="Java Platform API Specification"/>
    <property name="java.awt.graphicsenv" value="sun.awt.Win32GraphicsEnvironment"/>
    <property name="surefire.real.class.path" value="C:\Users\Ackmicra\AppData\Local\Temp\surefire6596696791028242933\surefirebooter1687575562218234182.jar"/>
    <property name="sun.boot.class.path" value="E:\JDK\jdk1.8.0_211\jre\lib\resources.jar;E:\JDK\jdk1.8.0_211\jre\lib\rt.jar;E:\JDK\jdk1.8.0_211\jre\lib\sunrsasign.jar;E:\JDK\jdk1.8.0_211\jre\lib\jsse.jar;E:\JDK\jdk1.8.0_211\jre\lib\jce.jar;E:\JDK\jdk1.8.0_211\jre\lib\charsets.jar;E:\JDK\jdk1.8.0_211\jre\lib\jfr.jar;E:\JDK\jdk1.8.0_211\jre\classes"/>
    <property name="user.script" value=""/>
    <property name="sun.management.compiler" value="HotSpot 64-Bit Tiered Compilers"/>
    <property name="java.runtime.version" value="1.8.0_211-b12"/>
    <property name="user.name" value="Ackmicra"/>
    <property name="path.separator" value=";"/>
    <property name="os.version" value="10.0"/>
    <property name="java.endorsed.dirs" value="E:\JDK\jdk1.8.0_211\jre\lib\endorsed"/>
    <property name="java.runtime.name" value="Java(TM) SE Runtime Environment"/>
    <property name="file.encoding" value="GBK"/>
    <property name="java.vm.name" value="Java HotSpot(TM) 64-Bit Server VM"/>
    <property name="localRepository" value="F:\maven-repository"/>
    <property name="java.vendor.url.bug" value="http://bugreport.sun.com/bugreport/"/>
    <property name="java.io.tmpdir" value="C:\Users\Ackmicra\AppData\Local\Temp\"/>
    <property name="java.version" value="1.8.0_211"/>
    <property name="user.dir" value="F:\springcloud-demo\springcloud-util"/>
    <property name="os.arch" value="amd64"/>
    <property name="java.vm.specification.name" value="Java Virtual Machine Specification"/>
    <property name="java.awt.printerjob" value="sun.awt.windows.WPrinterJob"/>
    <property name="sun.os.patch.level" value=""/>
    <property name="java.library.path" value="E:\JDK\jdk1.8.0_211\jre\bin;C:\WINDOWS\Sun\Java\bin;C:\WINDOWS\system32;C:\WINDOWS;E:\Program Files\IntelliJ IDEA 2019.2\jbr\\bin;E:\Program Files\IntelliJ IDEA 2019.2\jbr\\bin\server;E:\JDK\openjdk-11_windows-x64_bin\jdk-11\bin;C:\Program Files (x86)\Common Files\Oracle\Java\javapath;E:\oracle\product\11.2.0\dbhome_1\bin;C:\WINDOWS\system32;C:\WINDOWS;C:\WINDOWS\System32\Wbem;C:\WINDOWS\System32\WindowsPowerShell\v1.0\;C:\Program Files\IDM Computer Solutions\UltraEdit;E:\Program Files\mysql-5.7.22\bin;E:\Program Files\Git\cmd;C:\WINDOWS\System32\OpenSSH\;E:\Program Files\TortoiseSVN\bin;C:\Users\Ackmicra\AppData\Local\Microsoft\WindowsApps;E:\Program Files\Maven\Repositories\apache-maven-3.6.1\bin;E:\Program Files\mysql-8.0.16-winx64\bin;;."/>
    <property name="java.vm.info" value="mixed mode"/>
    <property name="java.vendor" value="Oracle Corporation"/>
    <property name="java.vm.version" value="25.211-b12"/>
    <property name="java.ext.dirs" value="E:\JDK\jdk1.8.0_211\jre\lib\ext;C:\WINDOWS\Sun\Java\lib\ext"/>
    <property name="sun.io.unicode.encoding" value="UnicodeLittle"/>
    <property name="java.class.version" value="52.0"/>
  </properties>
  <testcase name="produceTest" classname="com.dhcc.zpc.rocketmq.producer.MQProducerManagerTest" time="0.953">
    <error type="java.lang.NullPointerException">java.lang.NullPointerException
	at com.dhcc.zpc.rocketmq.producer.MQProducerManagerTest.produceTest(MQProducerManagerTest.java:41)
</error>
    <system-out><![CDATA[18:43:21.250 [main] DEBUG com.dhcc.zpc.rocketmq.producer.MQProducerManagerTest - 消息生产成功
]]></system-out>
  </testcase>
</testsuite>